{ message: 'Connected to MongoDB...',
  level: 'info',
  label: 'My error!',
  timestamp: '2019-09-28T20:52:34.892Z' }
{ level: 'error',
  message: 'Could not get the authors',
  metadata:
   Error: Could not get the authors
       at router.get (D:\Desktop-Main\Node.js\express-demo\routes\authors.js:12:11)
       at newFn (D:\Desktop-Main\Node.js\express-demo\node_modules\express-async-errors\index.js:16:20)
       at Layer.handle [as handle_request] (D:\Desktop-Main\Node.js\express-demo\node_modules\express\lib\router\layer.js:95:5)
       at next (D:\Desktop-Main\Node.js\express-demo\node_modules\express\lib\router\route.js:137:13)
       at Route.dispatch (D:\Desktop-Main\Node.js\express-demo\node_modules\express\lib\router\route.js:112:3)
       at newFn (D:\Desktop-Main\Node.js\express-demo\node_modules\express-async-errors\index.js:16:20)
       at Layer.handle [as handle_request] (D:\Desktop-Main\Node.js\express-demo\node_modules\express\lib\router\layer.js:95:5)
       at D:\Desktop-Main\Node.js\express-demo\node_modules\express\lib\router\index.js:281:22
       at Function.process_params (D:\Desktop-Main\Node.js\express-demo\node_modules\express\lib\router\index.js:335:12)
       at next (D:\Desktop-Main\Node.js\express-demo\node_modules\express\lib\router\index.js:275:10)
       at Function.handle (D:\Desktop-Main\Node.js\express-demo\node_modules\express\lib\router\index.js:174:3)
       at router (D:\Desktop-Main\Node.js\express-demo\node_modules\express\lib\router\index.js:47:12)
       at newFn (D:\Desktop-Main\Node.js\express-demo\node_modules\express-async-errors\index.js:16:20)
       at Layer.handle [as handle_request] (D:\Desktop-Main\Node.js\express-demo\node_modules\express\lib\router\layer.js:95:5)
       at trim_prefix (D:\Desktop-Main\Node.js\express-demo\node_modules\express\lib\router\index.js:317:13)
       at D:\Desktop-Main\Node.js\express-demo\node_modules\express\lib\router\index.js:284:7
       at Function.process_params (D:\Desktop-Main\Node.js\express-demo\node_modules\express\lib\router\index.js:335:12)
       at next (D:\Desktop-Main\Node.js\express-demo\node_modules\express\lib\router\index.js:275:10)
       at SendStream.error (D:\Desktop-Main\Node.js\express-demo\node_modules\serve-static\index.js:121:7)
       at SendStream.emit (events.js:198:13)
       at SendStream.error (D:\Desktop-Main\Node.js\express-demo\node_modules\send\index.js:270:17)
       at SendStream.onStatError (D:\Desktop-Main\Node.js\express-demo\node_modules\send\index.js:421:12),
  label: 'My error!',
  timestamp: '2019-09-28T20:52:47.421Z' }
{ message: 'Connected to MongoDB...',
  level: 'info',
  label: 'My Logger',
  timestamp: '2019-09-28T20:53:23.934Z' }
{ message: 'Connected to MongoDB...',
  level: 'info',
  label: 'My Logger',
  timestamp: '2019-09-28T20:54:33.063Z' }
{ message: 'Connected to MongoDB...',
  level: 'info',
  label: 'My Logger',
  timestamp: '2019-09-28T20:55:36.482Z' }
{ message: 'Connected to MongoDB...',
  level: 'info',
  label: 'My Logger',
  timestamp: '2019-09-28T20:55:53.703Z' }
{ message: 'Connected to MongoDB...',
  level: 'info',
  label: 'My Logger',
  timestamp: '2019-09-28T20:56:00.406Z' }
{ message: 'Connected to MongoDB...',
  level: 'info',
  label: 'My Logger',
  timestamp: '2019-09-28T20:56:19.946Z' }
{ message: 'Connected to MongoDB...',
  level: 'info',
  label: 'My Logger',
  timestamp: '2019-09-28T20:56:30.058Z' }
{ message: 'Connected to MongoDB...',
  level: 'info',
  label: 'My Logger',
  timestamp: '2019-09-28T20:56:45.551Z' }
{ message: 'Connected to MongoDB...',
  level: 'info',
  label: 'My Logger',
  timestamp: '2019-09-28T20:58:01.798Z' }
{ message: 'Connected to MongoDB...',
  level: 'info',
  label: 'My Logger',
  timestamp: '2019-09-28T20:58:39.818Z' }
{ message: 'Connected to MongoDB...',
  level: 'info',
  label: 'My Logger',
  timestamp: '2019-09-28T21:00:05.000Z' }
{ message: 'Connected to MongoDB...',
  level: 'info',
  label: 'My Logger',
  timestamp: '2019-09-28T21:00:54.770Z' }
{ message: 'Connected to MongoDB...',
  level: 'info',
  label: 'My Logger',
  timestamp: '2019-09-28T21:04:08.232Z' }
{ message: 'Connected to MongoDB...',
  level: 'info',
  label: 'My Logger',
  timestamp: '2019-09-28T21:04:16.443Z' }
{ message: 'Connected to MongoDB...',
  level: 'info',
  label: 'My Logger',
  timestamp: '2019-09-28T21:07:09.192Z' }
{ message: 'Connected to MongoDB...',
  level: 'info',
  label: 'My Logger',
  timestamp: '2019-09-28T21:07:45.489Z' }
{ message: 'Connected to MongoDB...',
  level: 'info',
  label: 'My Logger',
  timestamp: '2019-09-28T21:08:11.605Z' }
{ message: 'Connected to MongoDB...',
  level: 'info',
  label: 'My Logger',
  timestamp: '2019-09-28T21:09:20.082Z' }
{ message: 'Listening on port 3000',
  level: 'info',
  label: 'My Logger',
  timestamp: '2019-09-28T21:09:30.511Z' }
{ message: 'Connected to MongoDB...',
  level: 'info',
  label: 'My Logger',
  timestamp: '2019-09-28T21:09:32.546Z' }
{ message: 'Listening on port 3000',
  level: 'info',
  label: 'My Logger',
  timestamp: '2019-09-28T21:12:08.686Z' }
{ message: 'Connected to MongoDB...',
  level: 'info',
  label: 'My Logger',
  timestamp: '2019-09-28T21:12:10.743Z' }
{ message: 'Listening on port 3000',
  level: 'info',
  label: 'My Logger',
  timestamp: '2019-09-28T21:12:24.917Z' }
{ message: 'Connected to MongoDB...',
  level: 'info',
  label: 'My Logger',
  timestamp: '2019-09-28T21:12:26.956Z' }
{ message: 'Listening on port 3000',
  level: 'info',
  label: 'My Logger',
  timestamp: '2019-09-28T21:12:51.619Z' }
{ message: 'Connected to MongoDB...',
  level: 'info',
  label: 'My Logger',
  timestamp: '2019-09-28T21:12:53.657Z' }
{ message: 'Listening on port 3000',
  level: 'info',
  label: 'My Logger',
  timestamp: '2019-09-28T21:13:05.797Z' }
{ message: 'Connected to MongoDB...',
  level: 'info',
  label: 'My Logger',
  timestamp: '2019-09-28T21:13:07.837Z' }
{ message: 'Listening on port 3000',
  level: 'info',
  label: 'My Logger',
  timestamp: '2019-09-28T21:14:11.382Z' }
{ message: 'Connected to MongoDB...',
  level: 'info',
  label: 'My Logger',
  timestamp: '2019-09-28T21:14:13.432Z' }
{ message: 'Listening on port 3000',
  level: 'info',
  label: 'My Logger',
  timestamp: '2019-09-28T21:15:18.758Z' }
{ message: 'Connected to MongoDB...',
  level: 'info',
  label: 'My Logger',
  timestamp: '2019-09-28T21:15:20.911Z' }
{ message: 'Listening on port 3000',
  level: 'info',
  label: 'My Logger',
  timestamp: '2019-09-28T21:16:40.485Z' }
{ message: 'Connected to MongoDB...',
  level: 'info',
  label: 'My Logger',
  timestamp: '2019-09-28T21:16:42.533Z' }
{ message: 'Listening on port 3000',
  level: 'info',
  label: 'My Logger',
  timestamp: '2019-09-28T21:16:48.856Z' }
{ message: 'Connected to MongoDB...',
  level: 'info',
  label: 'My Logger',
  timestamp: '2019-09-28T21:16:50.895Z' }
{ message: 'Listening on port 3000',
  level: 'info',
  label: 'My Logger',
  timestamp: '2019-09-28T21:28:34.204Z' }
{ message: 'Connected to MongoDB...',
  level: 'info',
  label: 'My Logger',
  timestamp: '2019-09-28T21:28:36.263Z' }
