{ error:
   Error: Something failed miserably
       at Object.<anonymous> (D:\Desktop-Main\Node.js\express-demo\index.js:40:25)
       at Module._compile (internal/modules/cjs/loader.js:776:30)
       at Object.Module._extensions..js (internal/modules/cjs/loader.js:787:10)
       at Module.load (internal/modules/cjs/loader.js:653:32)
       at tryModuleLoad (internal/modules/cjs/loader.js:593:12)
       at Function.Module._load (internal/modules/cjs/loader.js:585:3)
       at Function.Module.runMain (internal/modules/cjs/loader.js:829:12)
       at startup (internal/bootstrap/node.js:283:19)
       at bootstrapNodeJSCore (internal/bootstrap/node.js:622:3),
  level: 'error',
  message:
   'uncaughtException: Something failed miserably\nError: Something failed miserably\n    at Object.<anonymous> (D:\\Desktop-Main\\Node.js\\express-demo\\index.js:40:25)\n    at Module._compile (internal/modules/cjs/loader.js:776:30)\n    at Object.Module._extensions..js (internal/modules/cjs/loader.js:787:10)\n    at Module.load (internal/modules/cjs/loader.js:653:32)\n    at tryModuleLoad (internal/modules/cjs/loader.js:593:12)\n    at Function.Module._load (internal/modules/cjs/loader.js:585:3)\n    at Function.Module.runMain (internal/modules/cjs/loader.js:829:12)\n    at startup (internal/bootstrap/node.js:283:19)\n    at bootstrapNodeJSCore (internal/bootstrap/node.js:622:3)',
  stack:
   'Error: Something failed miserably\n    at Object.<anonymous> (D:\\Desktop-Main\\Node.js\\express-demo\\index.js:40:25)\n    at Module._compile (internal/modules/cjs/loader.js:776:30)\n    at Object.Module._extensions..js (internal/modules/cjs/loader.js:787:10)\n    at Module.load (internal/modules/cjs/loader.js:653:32)\n    at tryModuleLoad (internal/modules/cjs/loader.js:593:12)\n    at Function.Module._load (internal/modules/cjs/loader.js:585:3)\n    at Function.Module.runMain (internal/modules/cjs/loader.js:829:12)\n    at startup (internal/bootstrap/node.js:283:19)\n    at bootstrapNodeJSCore (internal/bootstrap/node.js:622:3)',
  exception: true,
  date: 'Sat Sep 28 2019 22:15:18 GMT+0100 (British Summer Time)',
  process:
   { pid: 26008,
     uid: null,
     gid: null,
     cwd: 'D:\\Desktop-Main\\Node.js\\express-demo',
     execPath: 'C:\\Program Files\\nodejs\\node.exe',
     version: 'v10.16.0',
     argv:
      [ 'C:\\Program Files\\nodejs\\node.exe',
        'D:\\Desktop-Main\\Node.js\\express-demo\\index.js',
        'index.js' ],
     memoryUsage:
      { rss: 62967808,
        heapTotal: 59547648,
        heapUsed: 28484760,
        external: 18777445 } },
  os: { loadavg: [ 0, 0, 0 ], uptime: 298658 },
  trace:
   [ { column: 25,
       file: 'D:\\Desktop-Main\\Node.js\\express-demo\\index.js',
       function: null,
       line: 40,
       method: null,
       native: false },
     { column: 30,
       file: 'internal/modules/cjs/loader.js',
       function: 'Module._compile',
       line: 776,
       method: '_compile',
       native: false },
     { column: 10,
       file: 'internal/modules/cjs/loader.js',
       function: 'Module._extensions..js',
       line: 787,
       method: '.js',
       native: false },
     { column: 32,
       file: 'internal/modules/cjs/loader.js',
       function: 'Module.load',
       line: 653,
       method: 'load',
       native: false },
     { column: 12,
       file: 'internal/modules/cjs/loader.js',
       function: 'tryModuleLoad',
       line: 593,
       method: null,
       native: false },
     { column: 3,
       file: 'internal/modules/cjs/loader.js',
       function: 'Module._load',
       line: 585,
       method: '_load',
       native: false },
     { column: 12,
       file: 'internal/modules/cjs/loader.js',
       function: 'Module.runMain',
       line: 829,
       method: 'runMain',
       native: false },
     { column: 19,
       file: 'internal/bootstrap/node.js',
       function: 'startup',
       line: 283,
       method: null,
       native: false },
     { column: 3,
       file: 'internal/bootstrap/node.js',
       function: 'bootstrapNodeJSCore',
       line: 622,
       method: null,
       native: false } ],
  label: 'My Logger',
  timestamp: '2019-09-28T21:15:18.796Z' }
